# JRE version: Java(TM) SE Runtime Environment (8.0_66-b18) (build 1.8.0_66-b18)
# Java VM: Java HotSpot(TM) 64-Bit Server VM (25.66-b18 mixed mode windows-amd64 compressed oops)
Heap:
 PSYoungGen      total 229376K, used 24906K [0x00000000d5d00000, 0x00000000e7700000, 0x0000000100000000)
  eden space 208896K, 11% used [0x00000000d5d00000,0x00000000d75529b0,0x00000000e2900000)
  from space 20480K, 0% used [0x00000000e2900000,0x00000000e2900000,0x00000000e3d00000)
  to   space 20480K, 0% used [0x00000000e6300000,0x00000000e6300000,0x00000000e7700000)
 ParOldGen       total 126464K, used 27296K [0x0000000081600000, 0x0000000089180000, 0x00000000d5d00000)
  object space 126464K, 21% used [0x0000000081600000,0x00000000830a8318,0x0000000089180000)
 Metaspace       used 56363K, capacity 59262K, committed 59352K, reserved 1099776K
  class space    used 7806K, capacity 8312K, committed 8320K, reserved 1048576K
GC Heap History (10 events):
Event: 4.364 GC heap before
{Heap before GC invocations=10 (full 2):
 PSYoungGen      total 185856K, used 14842K [0x00000000d5d00000, 0x00000000e2a00000, 0x0000000100000000)
  eden space 171008K, 0% used [0x00000000d5d00000,0x00000000d5d00000,0x00000000e0400000)
  from space 14848K, 99% used [0x00000000e1500000,0x00000000e237e9a8,0x00000000e2380000)
  to   space 17408K, 0% used [0x00000000e0400000,0x00000000e0400000,0x00000000e1500000)
 ParOldGen       total 55808K, used 12796K [0x0000000081600000, 0x0000000084c80000, 0x00000000d5d00000)
  object space 55808K, 22% used [0x0000000081600000,0x000000008227f138,0x0000000084c80000)
 Metaspace       used 33825K, capacity 35382K, committed 35456K, reserved 1079296K
  class space    used 4433K, capacity 4725K, committed 4736K, reserved 1048576K
Event: 4.469 GC heap after
Heap after GC invocations=10 (full 2):
 PSYoungGen      total 185856K, used 0K [0x00000000d5d00000, 0x00000000e2a00000, 0x0000000100000000)
  eden space 171008K, 0% used [0x00000000d5d00000,0x00000000d5d00000,0x00000000e0400000)
  from space 14848K, 0% used [0x00000000e1500000,0x00000000e1500000,0x00000000e2380000)
  to   space 17408K, 0% used [0x00000000e0400000,0x00000000e0400000,0x00000000e1500000)
 ParOldGen       total 94720K, used 21235K [0x0000000081600000, 0x0000000087280000, 0x00000000d5d00000)
  object space 94720K, 22% used [0x0000000081600000,0x0000000082abcc28,0x0000000087280000)
 Metaspace       used 33825K, capacity 35382K, committed 35456K, reserved 1079296K
  class space    used 4433K, capacity 4725K, committed 4736K, reserved 1048576K
}
Event: 24.011 GC heap before
{Heap before GC invocations=11 (full 2):
 PSYoungGen      total 185856K, used 171008K [0x00000000d5d00000, 0x00000000e2a00000, 0x0000000100000000)
  eden space 171008K, 100% used [0x00000000d5d00000,0x00000000e0400000,0x00000000e0400000)
  from space 14848K, 0% used [0x00000000e1500000,0x00000000e1500000,0x00000000e2380000)
  to   space 17408K, 0% used [0x00000000e0400000,0x00000000e0400000,0x00000000e1500000)
 ParOldGen       total 94720K, used 21235K [0x0000000081600000, 0x0000000087280000, 0x00000000d5d00000)
  object space 94720K, 22% used [0x0000000081600000,0x0000000082abcc28,0x0000000087280000)
 Metaspace       used 50177K, capacity 52438K, committed 52736K, reserved 1095680K
  class space    used 6943K, capacity 7352K, committed 7424K, reserved 1048576K
Event: 24.041 GC heap after
Heap after GC invocations=11 (full 2):
 PSYoungGen      total 188416K, used 17384K [0x00000000d5d00000, 0x00000000e5300000, 0x0000000100000000)
  eden space 171008K, 0% used [0x00000000d5d00000,0x00000000d5d00000,0x00000000e0400000)
  from space 17408K, 99% used [0x00000000e0400000,0x00000000e14fa1c0,0x00000000e1500000)
  to   space 20480K, 0% used [0x00000000e3f00000,0x00000000e3f00000,0x00000000e5300000)
 ParOldGen       total 94720K, used 22963K [0x0000000081600000, 0x0000000087280000, 0x00000000d5d00000)
  object space 94720K, 24% used [0x0000000081600000,0x0000000082c6ceb0,0x0000000087280000)
 Metaspace       used 50177K, capacity 52438K, committed 52736K, reserved 1095680K
  class space    used 6943K, capacity 7352K, committed 7424K, reserved 1048576K
}
Event: 25.794 GC heap before
{Heap before GC invocations=12 (full 2):
 PSYoungGen      total 188416K, used 188392K [0x00000000d5d00000, 0x00000000e5300000, 0x0000000100000000)
  eden space 171008K, 100% used [0x00000000d5d00000,0x00000000e0400000,0x00000000e0400000)
  from space 17408K, 99% used [0x00000000e0400000,0x00000000e14fa1c0,0x00000000e1500000)
  to   space 20480K, 0% used [0x00000000e3f00000,0x00000000e3f00000,0x00000000e5300000)
 ParOldGen       total 94720K, used 22963K [0x0000000081600000, 0x0000000087280000, 0x00000000d5d00000)
  object space 94720K, 24% used [0x0000000081600000,0x0000000082c6ceb0,0x0000000087280000)
 Metaspace       used 53589K, capacity 56378K, committed 56576K, reserved 1097728K
  class space    used 7453K, capacity 7928K, committed 7936K, reserved 1048576K
Event: 25.818 GC heap after
Heap after GC invocations=12 (full 2):
 PSYoungGen      total 227328K, used 12943K [0x00000000d5d00000, 0x00000000e5100000, 0x0000000100000000)
  eden space 208896K, 0% used [0x00000000d5d00000,0x00000000d5d00000,0x00000000e2900000)
  from space 18432K, 70% used [0x00000000e3f00000,0x00000000e4ba3f40,0x00000000e5100000)
  to   space 20480K, 0% used [0x00000000e2900000,0x00000000e2900000,0x00000000e3d00000)
 ParOldGen       total 94720K, used 22971K [0x0000000081600000, 0x0000000087280000, 0x00000000d5d00000)
  object space 94720K, 24% used [0x0000000081600000,0x0000000082c6eeb0,0x0000000087280000)
 Metaspace       used 53589K, capacity 56378K, committed 56576K, reserved 1097728K
  class space    used 7453K, capacity 7928K, committed 7936K, reserved 1048576K
}
Event: 64.228 GC heap before
{Heap before GC invocations=13 (full 2):
 PSYoungGen      total 227328K, used 42326K [0x00000000d5d00000, 0x00000000e5100000, 0x0000000100000000)
  eden space 208896K, 14% used [0x00000000d5d00000,0x00000000d79b1ae8,0x00000000e2900000)
  from space 18432K, 70% used [0x00000000e3f00000,0x00000000e4ba3f40,0x00000000e5100000)
  to   space 20480K, 0% used [0x00000000e2900000,0x00000000e2900000,0x00000000e3d00000)
 ParOldGen       total 94720K, used 22971K [0x0000000081600000, 0x0000000087280000, 0x00000000d5d00000)
  object space 94720K, 24% used [0x0000000081600000,0x0000000082c6eeb0,0x0000000087280000)
 Metaspace       used 56139K, capacity 58986K, committed 59096K, reserved 1099776K
  class space    used 7754K, capacity 8270K, committed 8320K, reserved 1048576K
Event: 64.252 GC heap after
Heap after GC invocations=13 (full 2):
 PSYoungGen      total 229376K, used 12978K [0x00000000d5d00000, 0x00000000e7700000, 0x0000000100000000)
  eden space 208896K, 0% used [0x00000000d5d00000,0x00000000d5d00000,0x00000000e2900000)
  from space 20480K, 63% used [0x00000000e2900000,0x00000000e35ac9b0,0x00000000e3d00000)
  to   space 20480K, 0% used [0x00000000e6300000,0x00000000e6300000,0x00000000e7700000)
 ParOldGen       total 94720K, used 22979K [0x0000000081600000, 0x0000000087280000, 0x00000000d5d00000)
  object space 94720K, 24% used [0x0000000081600000,0x0000000082c70eb0,0x0000000087280000)
 Metaspace       used 56139K, capacity 58986K, committed 59096K, reserved 1099776K
  class space    used 7754K, capacity 8270K, committed 8320K, reserved 1048576K
}
Event: 64.252 GC heap before
{Heap before GC invocations=14 (full 3):
 PSYoungGen      total 229376K, used 12978K [0x00000000d5d00000, 0x00000000e7700000, 0x0000000100000000)
  eden space 208896K, 0% used [0x00000000d5d00000,0x00000000d5d00000,0x00000000e2900000)
  from space 20480K, 63% used [0x00000000e2900000,0x00000000e35ac9b0,0x00000000e3d00000)
  to   space 20480K, 0% used [0x00000000e6300000,0x00000000e6300000,0x00000000e7700000)
 ParOldGen       total 94720K, used 22979K [0x0000000081600000, 0x0000000087280000, 0x00000000d5d00000)
  object space 94720K, 24% used [0x0000000081600000,0x0000000082c70eb0,0x0000000087280000)
 Metaspace       used 56139K, capacity 58986K, committed 59096K, reserved 1099776K
  class space    used 7754K, capacity 8270K, committed 8320K, reserved 1048576K
Event: 64.439 GC heap after
Heap after GC invocations=14 (full 3):
 PSYoungGen      total 229376K, used 0K [0x00000000d5d00000, 0x00000000e7700000, 0x0000000100000000)
  eden space 208896K, 0% used [0x00000000d5d00000,0x00000000d5d00000,0x00000000e2900000)
  from space 20480K, 0% used [0x00000000e2900000,0x00000000e2900000,0x00000000e3d00000)
  to   space 20480K, 0% used [0x00000000e6300000,0x00000000e6300000,0x00000000e7700000)
 ParOldGen       total 126464K, used 27296K [0x0000000081600000, 0x0000000089180000, 0x00000000d5d00000)
  object space 126464K, 21% used [0x0000000081600000,0x00000000830a8318,0x0000000089180000)
 Metaspace       used 56139K, capacity 58986K, committed 59096K, reserved 1099776K
  class space    used 7754K, capacity 8270K, committed 8320K, reserved 1048576K
}

